{
  "RSpec": {
    "coverage": {
      "/home/loyal-tier-1368/tic-tac-toe-rb-nyc-fasttrack-020120/lib/tic_tac_toe.rb": [
        1,
        24,
        24,
        24,
        24,
        24,
        null,
        null,
        1,
        23,
        null,
        null,
        1,
        22,
        null,
        null,
        1,
        4,
        null,
        null,
        null,
        null,
        1,
        null,
        null,
        null,
        null,
        null,
        null,
        null,
        null,
        null,
        1,
        23,
        21,
        20,
        null,
        1,
        null,
        null,
        23,
        20,
        null,
        3,
        null,
        null,
        null,
        1,
        20,
        20,
        20,
        20,
        19,
        19,
        19,
        null,
        1,
        null,
        null,
        null,
        1,
        21,
        21,
        189,
        31,
        null,
        null,
        21,
        null,
        null,
        1,
        20,
        null,
        null,
        1,
        53,
        null,
        53,
        424,
        13,
        411,
        2,
        null,
        null,
        53,
        null,
        null,
        1,
        22,
        116,
        null,
        null,
        null,
        1,
        23,
        null,
        null,
        1,
        21,
        null,
        null,
        1,
        7,
        7,
        56,
        4,
        52,
        2,
        null,
        null,
        7,
        null,
        null,
        1,
        12,
        17,
        null,
        12,
        5,
        7,
        3,
        null,
        null
      ]
    },
    "timestamp": 1584898611
  }
}
