{
  "RSpec": {
    "coverage": {
      "/home/balanced-widget-4002/tic-tac-toe-rb-nyc-fasttrack-020120/lib/tic_tac_toe.rb": [
        null,
        1,
        null,
        null,
        null,
        null,
        null,
        null,
        null,
        null,
        null,
        1,
        24,
        24,
        24,
        24,
        24,
        null,
        null,
        1,
        23,
        null,
        null,
        1,
        22,
        null,
        null,
        1,
        148,
        null,
        null,
        1,
        23,
        20,
        null,
        null,
        null,
        1,
        20,
        20,
        20,
        20,
        19,
        19,
        19,
        null,
        1,
        null,
        null,
        null,
        1,
        21,
        21,
        189,
        31,
        null,
        null,
        21,
        null,
        null,
        1,
        20,
        14,
        null,
        6,
        null,
        20,
        null,
        null,
        1,
        57,
        369,
        369,
        369,
        null,
        369,
        369,
        369,
        null,
        369,
        18,
        null,
        null,
        39,
        null,
        null,
        1,
        187,
        26,
        null,
        8,
        null,
        null,
        null,
        1,
        20,
        4,
        null,
        16,
        null,
        null,
        null,
        1,
        21,
        10,
        null,
        11,
        null,
        null,
        null,
        1,
        7,
        7,
        7,
        null,
        null,
        6,
        4,
        null,
        2,
        null,
        null,
        null,
        null,
        1,
        12,
        17,
        null,
        12,
        5,
        7,
        7,
        null,
        null
      ]
    },
    "timestamp": 1585597991
  }
}
